2023-08-09 20:09:29.178  INFO 48639 --- [main] o.s.b.w.embedded.tomcat.TomcatWebServer  : Tomcat started on port(s): 81 (http) with context path ''
2023-08-09 20:09:29.194  INFO 48639 --- [main] com.itheima.Application                  : Started Application in 1.509 seconds (JVM running for 7.303)
2023-08-09 20:09:35.007  INFO 48639 --- [http-nio-81-exec-1] o.a.c.c.C.[Tomcat].[localhost].[/]       : Initializing Spring DispatcherServlet 'dispatcherServlet'
2023-08-09 20:09:35.008  INFO 48639 --- [http-nio-81-exec-1] o.s.web.servlet.DispatcherServlet        : Initializing Servlet 'dispatcherServlet'
2023-08-09 20:09:35.009  INFO 48639 --- [http-nio-81-exec-1] o.s.web.servlet.DispatcherServlet        : Completed initialization in 1 ms
2023-08-09 20:09:35.026  INFO 48639 --- [http-nio-81-exec-1] com.itheima.controller.BookController    : info...
2023-08-09 20:09:35.026 ERROR 48639 --- [http-nio-81-exec-1] com.itheima.controller.BookController    : error...
2023-08-09 20:09:35.026  WARN 48639 --- [http-nio-81-exec-1] com.itheima.controller.BookController    : warn...
2023-08-09 20:09:35.935  INFO 48639 --- [http-nio-81-exec-2] com.itheima.controller.BookController    : info...
2023-08-09 20:09:35.935 ERROR 48639 --- [http-nio-81-exec-2] com.itheima.controller.BookController    : error...
2023-08-09 20:09:35.936  WARN 48639 --- [http-nio-81-exec-2] com.itheima.controller.BookController    : warn...
2023-08-09 20:09:36.282  INFO 48639 --- [http-nio-81-exec-3] com.itheima.controller.BookController    : info...
2023-08-09 20:09:36.282 ERROR 48639 --- [http-nio-81-exec-3] com.itheima.controller.BookController    : error...
2023-08-09 20:09:36.282  WARN 48639 --- [http-nio-81-exec-3] com.itheima.controller.BookController    : warn...
2023-08-09 20:09:36.621  INFO 48639 --- [http-nio-81-exec-4] com.itheima.controller.BookController    : info...
2023-08-09 20:09:36.621 ERROR 48639 --- [http-nio-81-exec-4] com.itheima.controller.BookController    : error...
2023-08-09 20:09:36.621  WARN 48639 --- [http-nio-81-exec-4] com.itheima.controller.BookController    : warn...
2023-08-09 20:09:36.871  INFO 48639 --- [http-nio-81-exec-5] com.itheima.controller.BookController    : info...
2023-08-09 20:09:36.871 ERROR 48639 --- [http-nio-81-exec-5] com.itheima.controller.BookController    : error...
2023-08-09 20:09:36.871  WARN 48639 --- [http-nio-81-exec-5] com.itheima.controller.BookController    : warn...
2023-08-09 20:09:37.023  INFO 48639 --- [http-nio-81-exec-6] com.itheima.controller.BookController    : info...
2023-08-09 20:09:37.023 ERROR 48639 --- [http-nio-81-exec-6] com.itheima.controller.BookController    : error...
2023-08-09 20:09:37.023  WARN 48639 --- [http-nio-81-exec-6] com.itheima.controller.BookController    : warn...
2023-08-09 20:09:37.294  INFO 48639 --- [http-nio-81-exec-7] com.itheima.controller.BookController    : info...
2023-08-09 20:09:37.295 ERROR 48639 --- [http-nio-81-exec-7] com.itheima.controller.BookController    : error...
2023-08-09 20:09:37.295  WARN 48639 --- [http-nio-81-exec-7] com.itheima.controller.BookController    : warn...
2023-08-09 20:09:37.471  INFO 48639 --- [http-nio-81-exec-8] com.itheima.controller.BookController    : info...
2023-08-09 20:09:37.471 ERROR 48639 --- [http-nio-81-exec-8] com.itheima.controller.BookController    : error...
2023-08-09 20:09:37.472  WARN 48639 --- [http-nio-81-exec-8] com.itheima.controller.BookController    : warn...
2023-08-09 20:09:37.971  INFO 48639 --- [http-nio-81-exec-9] com.itheima.controller.BookController    : info...
2023-08-09 20:09:37.971 ERROR 48639 --- [http-nio-81-exec-9] com.itheima.controller.BookController    : error...
2023-08-09 20:09:37.972  WARN 48639 --- [http-nio-81-exec-9] com.itheima.controller.BookController    : warn...
2023-08-09 20:09:38.371  INFO 48639 --- [http-nio-81-exec-10] com.itheima.controller.BookController    : info...
2023-08-09 20:09:38.372 ERROR 48639 --- [http-nio-81-exec-10] com.itheima.controller.BookController    : error...
2023-08-09 20:09:38.372  WARN 48639 --- [http-nio-81-exec-10] com.itheima.controller.BookController    : warn...
2023-08-09 20:09:38.538  INFO 48639 --- [http-nio-81-exec-1] com.itheima.controller.BookController    : info...
